e:\chili's pratice projects\tetris-start\chili_framework\engine\x64\debug\mouse.obj
e:\chili's pratice projects\tetris-start\chili_framework\engine\x64\debug\sound.obj
e:\chili's pratice projects\tetris-start\chili_framework\engine\x64\debug\mainwindow.obj
e:\chili's pratice projects\tetris-start\chili_framework\engine\x64\debug\cominitializer.obj
e:\chili's pratice projects\tetris-start\chili_framework\engine\x64\debug\game.obj
e:\chili's pratice projects\tetris-start\chili_framework\engine\x64\debug\main.obj
e:\chili's pratice projects\tetris-start\chili_framework\engine\x64\debug\dxerr.obj
e:\chili's pratice projects\tetris-start\chili_framework\engine\x64\debug\graphics.obj
e:\chili's pratice projects\tetris-start\chili_framework\engine\x64\debug\keyboard.obj
e:\chili's pratice projects\tetris-start\chili_framework\engine\x64\debug\vc142.pdb
e:\chili's pratice projects\tetris-start\chili_framework\engine\x64\debug\board.obj
e:\chili's pratice projects\tetris-start\chili_framework\engine\x64\debug\tetromino.obj
e:\chili's pratice projects\tetris-start\chili_framework\engine\x64\debug\holdboard.obj
e:\chili's pratice projects\tetris-start\chili_framework\engine\framebufferps.shh
e:\chili's pratice projects\tetris-start\chili_framework\engine\framebuffervs.shh
e:\chili's pratice projects\tetris-start\chili_framework\x64\debug\engine.exe
e:\chili's pratice projects\tetris-start\chili_framework\engine\x64\debug\engine.ilk
e:\chili's pratice projects\tetris-start\chili_framework\x64\debug\engine.pdb
e:\chili's pratice projects\tetris-start\chili_framework\engine\x64\debug\resource.res
e:\chili's pratice projects\tetris-start\chili_framework\engine\x64\debug\game.obj.enc
e:\chili's pratice projects\tetris-start\chili_framework\engine\x64\debug\tetromino.obj.enc
e:\chili's pratice projects\tetris-start\chili_framework\engine\x64\debug\vc142.idb
e:\chili's pratice projects\tetris-start\chili_framework\engine\x64\debug\engine.tlog\cl.command.1.tlog
e:\chili's pratice projects\tetris-start\chili_framework\engine\x64\debug\engine.tlog\cl.read.1.tlog
e:\chili's pratice projects\tetris-start\chili_framework\engine\x64\debug\engine.tlog\cl.write.1.tlog
e:\chili's pratice projects\tetris-start\chili_framework\engine\x64\debug\engine.tlog\fxc.command.1.tlog
e:\chili's pratice projects\tetris-start\chili_framework\engine\x64\debug\engine.tlog\fxc.read.1.tlog
e:\chili's pratice projects\tetris-start\chili_framework\engine\x64\debug\engine.tlog\fxc.write.1.tlog
e:\chili's pratice projects\tetris-start\chili_framework\engine\x64\debug\engine.tlog\link.command.1.tlog
e:\chili's pratice projects\tetris-start\chili_framework\engine\x64\debug\engine.tlog\link.read.1.tlog
e:\chili's pratice projects\tetris-start\chili_framework\engine\x64\debug\engine.tlog\link.write.1.tlog
e:\chili's pratice projects\tetris-start\chili_framework\engine\x64\debug\engine.tlog\rc.command.1.tlog
e:\chili's pratice projects\tetris-start\chili_framework\engine\x64\debug\engine.tlog\rc.read.1.tlog
e:\chili's pratice projects\tetris-start\chili_framework\engine\x64\debug\engine.tlog\rc.write.1.tlog
